Active-HDL 13.0.375.8320 2024-07-04 12:47:09

Elaboration top modules:
VHDL Configuration            testbench_for_sixbitprocessor


--------------------------------------------------------------------------------------------------------------------
Entity             | Architecture        | Library         | Info | Compiler Version          | Compilation Options
--------------------------------------------------------------------------------------------------------------------
sixbitprocessor_tb | TB_ARCHITECTURE     | sixbitprocessor |      | 13.0.375.8320 (Windows64) | -O3
SixBitProcessor    | SixBitProcessorArch | sixbitprocessor |      | 13.0.375.8320 (Windows64) | -O3
--------------------------------------------------------------------------------------------------------------------

--------------------------------------------------------------------------------------------------------------------
VHDL Configuration                       | Library         | Info | Compiler Version          | Compilation Options
--------------------------------------------------------------------------------------------------------------------
testbench_for_sixbitprocessor            | sixbitprocessor |      | 13.0.375.8320 (Windows64) | -O3
--------------------------------------------------------------------------------------------------------------------

--------------------------------------------------------------------------------------------------------------------
VHDL Package                             | Library         | Info | Compiler Version          | Compilation Options
--------------------------------------------------------------------------------------------------------------------
standard                                 | std             |      |                           | <unavailable>
TEXTIO                                   | std             |      | 13.0.375.8320 (Windows64) |  -2019
std_logic_1164                           | ieee            |      | 13.0.375.8320 (Windows64) |  -2008
NUMERIC_STD                              | ieee            |      | 13.0.375.8320 (Windows64) |  -2008
std_logic_arith                          | ieee            |      | 13.0.375.8320 (Windows64) | <unavailable>
STD_LOGIC_UNSIGNED                       | ieee            |      | 13.0.375.8320 (Windows64) | <unavailable>
--------------------------------------------------------------------------------------------------------------------

--------------------------------------------------------------------------------------------------------------------
Library                                  | Comment
--------------------------------------------------------------------------------------------------------------------
ieee                                     | Standard IEEE packages library
sixbitprocessor                          | None
std                                      | Standard VHDL library
--------------------------------------------------------------------------------------------------------------------
