# ELBREAD: Elaboration process.
# ELBREAD: Elaboration time 0.1 [s].
acom -O3 -e 100 -work SixBitProcessor -2002  $dsn/src/TestBench/sixbitprocessor_TB.vhd
# Warning: DAGGEN_0523: The source is compiled without the -dbg switch. Line breakpoints and assertion debug will not be available.
# File: C:/Users/zephyrus/Desktop/CoDes_Project_Changiziyan_Alireza_Salehi_Sadra/CoDesProject/SixBitProcessor/src/TestBench/sixbitprocessor_TB.vhd
# Compile Entity "sixbitprocessor_tb"
# Compile Architecture "TB_ARCHITECTURE" of Entity "sixbitprocessor_tb"
# Compile Configuration "TESTBENCH_FOR_sixbitprocessor"
# Compile success 0 Errors 0 Warnings  Analysis time :  62.0 [ms]
SetActiveLib -work
comp -include "$dsn\src\SixBitProcessor.vhd" 
# Warning: DAGGEN_0523: The source is compiled without the -dbg switch. Line breakpoints and assertion debug will not be available.
# File: C:/Users/zephyrus/Desktop/CoDes_Project_Changiziyan_Alireza_Salehi_Sadra/CoDesProject/SixBitProcessor/src/SixBitProcessor.vhd
# Compile Entity "SixBitProcessor"
# Compile Architecture "SixBitProcessorArch" of Entity "SixBitProcessor"
# Error: COMP96_0078: SixBitProcessor.vhd : (16, 32): Unknown identifier "state_type".
# Error: COMP96_0064: SixBitProcessor.vhd : (16, 32): Unknown type.
# Error: COMP96_0150: SixBitProcessor.vhd : (156, 17): Signal name on sensitivity list is not static.
# Error: COMP96_0584: SixBitProcessor.vhd : (172, 7): Cannot determine the type of the case expression. Enumeration type, integer type, or one-dimensional array of characters expected.
# Compile failure 4 Errors 0 Warnings  Analysis time :  47.0 [ms]
# Error: DO_001 in file C:\Users\zephyrus\Desktop\CoDes_Project_Changiziyan_Alireza_Salehi_Sadra\CoDesProject\SixBitProcessor\src\TestBench\sixbitprocessor_TB_runtest.do line 2
# Error: Cannot run C:\Users\zephyrus\Desktop\CoDes_Project_Changiziyan_Alireza_Salehi_Sadra\CoDesProject\SixBitProcessor\src\TestBench\sixbitprocessor_TB_runtest.do
acom -O3 -e 100 -work SixBitProcessor -2002  $dsn/src/SixBitProcessor.vhd
# Warning: DAGGEN_0523: The source is compiled without the -dbg switch. Line breakpoints and assertion debug will not be available.
# File: C:/Users/zephyrus/Desktop/CoDes_Project_Changiziyan_Alireza_Salehi_Sadra/CoDesProject/SixBitProcessor/src/SixBitProcessor.vhd
# Compile Entity "SixBitProcessor"
# Compile Architecture "SixBitProcessorArch" of Entity "SixBitProcessor"
# Error: COMP96_0078: SixBitProcessor.vhd : (22, 32): Unknown identifier "state_type".
# Error: COMP96_0064: SixBitProcessor.vhd : (22, 32): Unknown type.
# Error: COMP96_0150: SixBitProcessor.vhd : (156, 17): Signal name on sensitivity list is not static.
# Error: COMP96_0584: SixBitProcessor.vhd : (172, 7): Cannot determine the type of the case expression. Enumeration type, integer type, or one-dimensional array of characters expected.
# Compile failure 4 Errors 0 Warnings  Analysis time :  15.0 [ms]
acom -O3 -e 100 -work SixBitProcessor -2002  $dsn/src/SixBitProcessor.vhd
# Warning: DAGGEN_0523: The source is compiled without the -dbg switch. Line breakpoints and assertion debug will not be available.
# File: C:/Users/zephyrus/Desktop/CoDes_Project_Changiziyan_Alireza_Salehi_Sadra/CoDesProject/SixBitProcessor/src/SixBitProcessor.vhd
# Compile Entity "SixBitProcessor"
# Compile Architecture "SixBitProcessorArch" of Entity "SixBitProcessor"
# Compile success 0 Errors 0 Warnings  Analysis time :  62.0 [ms]
acom -O3 -e 100 -work SixBitProcessor -2002  $dsn/src/TestBench/sixbitprocessor_TB.vhd
# Warning: DAGGEN_0523: The source is compiled without the -dbg switch. Line breakpoints and assertion debug will not be available.
# File: C:/Users/zephyrus/Desktop/CoDes_Project_Changiziyan_Alireza_Salehi_Sadra/CoDesProject/SixBitProcessor/src/TestBench/sixbitprocessor_TB.vhd
# Compile Entity "sixbitprocessor_tb"
# Compile Architecture "TB_ARCHITECTURE" of Entity "sixbitprocessor_tb"
# Error: COMP96_0037: TestBench/sixbitprocessor_TB.vhd : (44, 1): Time expression expected.
# Error: COMP96_0019: TestBench/sixbitprocessor_TB.vhd : (44, 5): Keyword 'process' expected.
# Error: COMP96_0019: TestBench/sixbitprocessor_TB.vhd : (46, 1): Keyword 'end' expected.
# Error: COMP96_0016: TestBench/sixbitprocessor_TB.vhd : (46, 15): Design unit declaration expected.
# Error: COMP96_0018: TestBench/sixbitprocessor_TB.vhd : (49, 8): Identifier expected.
# Error: COMP96_0016: TestBench/sixbitprocessor_TB.vhd : (49, 15): Design unit declaration expected.
# Compile failure 6 Errors 0 Warnings  Analysis time :  31.0 [ms]
acom -O3 -e 100 -work SixBitProcessor -2002  $dsn/src/TestBench/sixbitprocessor_TB.vhd
# Warning: DAGGEN_0523: The source is compiled without the -dbg switch. Line breakpoints and assertion debug will not be available.
# File: C:/Users/zephyrus/Desktop/CoDes_Project_Changiziyan_Alireza_Salehi_Sadra/CoDesProject/SixBitProcessor/src/TestBench/sixbitprocessor_TB.vhd
# Compile Entity "sixbitprocessor_tb"
# Compile Architecture "TB_ARCHITECTURE" of Entity "sixbitprocessor_tb"
# Error: COMP96_0037: TestBench/sixbitprocessor_TB.vhd : (44, 2): Time expression expected.
# Error: COMP96_0015: TestBench/sixbitprocessor_TB.vhd : (45, 1): ';' expected.
# Error: COMP96_0019: TestBench/sixbitprocessor_TB.vhd : (47, 1): Keyword 'end' expected.
# Error: COMP96_0016: TestBench/sixbitprocessor_TB.vhd : (47, 15): Design unit declaration expected.
# Error: COMP96_0018: TestBench/sixbitprocessor_TB.vhd : (50, 8): Identifier expected.
# Error: COMP96_0016: TestBench/sixbitprocessor_TB.vhd : (50, 15): Design unit declaration expected.
# Compile failure 6 Errors 0 Warnings  Analysis time :  31.0 [ms]
acom -O3 -e 100 -work SixBitProcessor -2002  $dsn/src/TestBench/sixbitprocessor_TB.vhd
# Warning: DAGGEN_0523: The source is compiled without the -dbg switch. Line breakpoints and assertion debug will not be available.
# File: C:/Users/zephyrus/Desktop/CoDes_Project_Changiziyan_Alireza_Salehi_Sadra/CoDesProject/SixBitProcessor/src/TestBench/sixbitprocessor_TB.vhd
# Compile Entity "sixbitprocessor_tb"
# Compile Architecture "TB_ARCHITECTURE" of Entity "sixbitprocessor_tb"
# Error: COMP96_0037: TestBench/sixbitprocessor_TB.vhd : (44, 2): Time expression expected.
# Compile Configuration "TESTBENCH_FOR_sixbitprocessor"
# Compile failure 1 Errors 0 Warnings  Analysis time :  16.0 [ms]
acom -O3 -e 100 -work SixBitProcessor -2002  $dsn/src/TestBench/sixbitprocessor_TB.vhd
# Warning: DAGGEN_0523: The source is compiled without the -dbg switch. Line breakpoints and assertion debug will not be available.
# File: C:/Users/zephyrus/Desktop/CoDes_Project_Changiziyan_Alireza_Salehi_Sadra/CoDesProject/SixBitProcessor/src/TestBench/sixbitprocessor_TB.vhd
# Compile Entity "sixbitprocessor_tb"
# Compile Architecture "TB_ARCHITECTURE" of Entity "sixbitprocessor_tb"
# Compile Configuration "TESTBENCH_FOR_sixbitprocessor"
# Compile success 0 Errors 0 Warnings  Analysis time :  47.0 [ms]
SetActiveLib -work
comp -include "$dsn\src\SixBitProcessor.vhd" 
# Warning: DAGGEN_0523: The source is compiled without the -dbg switch. Line breakpoints and assertion debug will not be available.
# File: C:/Users/zephyrus/Desktop/CoDes_Project_Changiziyan_Alireza_Salehi_Sadra/CoDesProject/SixBitProcessor/src/SixBitProcessor.vhd
# Compile Entity "SixBitProcessor"
# Compile Architecture "SixBitProcessorArch" of Entity "SixBitProcessor"
# Compile success 0 Errors 0 Warnings  Analysis time :  47.0 [ms]
comp -include "$dsn\src\TestBench\sixbitprocessor_TB.vhd" 
# Warning: DAGGEN_0523: The source is compiled without the -dbg switch. Line breakpoints and assertion debug will not be available.
# File: C:/Users/zephyrus/Desktop/CoDes_Project_Changiziyan_Alireza_Salehi_Sadra/CoDesProject/SixBitProcessor/src/TestBench/sixbitprocessor_TB.vhd
# Compile Entity "sixbitprocessor_tb"
# Compile Architecture "TB_ARCHITECTURE" of Entity "sixbitprocessor_tb"
# Compile Configuration "TESTBENCH_FOR_sixbitprocessor"
# Compile success 0 Errors 0 Warnings  Analysis time :  31.0 [ms]
asim +access +r TESTBENCH_FOR_sixbitprocessor 
# ELBREAD: Elaboration process.
# ELBREAD: Elaboration time 0.0 [s].
# VSIM: Stack memory: 32MB
# VSIM: Retval memory: 32MB
# KERNEL: Main thread initiated.
# KERNEL: Kernel process initialization phase.
# ELAB2: Elaboration final pass...
# ELAB2: Create instances ...
# KERNEL: Time resolution set to 1ps.
# ELAB2: Create instances complete.
# SLP: Started
# SLP: Elaboration phase ...
# SLP: Elaboration phase ... skipped, nothing to simulate in SLP mode : 0.0 [s]
# SLP: Finished : 0.0 [s]
# ELAB2: Elaboration final pass complete - time: 0.1 [s].
# KERNEL: Kernel process initialization done.
# Allocation: Simulator allocated 6607 kB (elbread=427 elab2=6037 kernel=142 sdf=0)
# KERNEL: ASDB file was created in location C:\Users\zephyrus\Desktop\CoDes_Project_Changiziyan_Alireza_Salehi_Sadra\CoDesProject\SixBitProcessor\src\wave.asdb
#  4:17 PM, Friday, July 5, 2024
#  Simulation has been initialized
wave 
wave -noreg clk
wave -noreg reset
# # The following lines can be used for timing simulation
# # acom <backannotated_vhdl_file_name>
# # comp -include "$dsn\src\TestBench\sixbitprocessor_TB_tim_cfg.vhd" 
# # asim +access +r TIMING_FOR_sixbitprocessor 
# VSIM: 2 object(s) traced.
# Waveform file 'untitled.awc' connected to 'C:/Users/zephyrus/Desktop/CoDes_Project_Changiziyan_Alireza_Salehi_Sadra/CoDesProject/SixBitProcessor/src/wave.asdb'.
run 100 ns
# KERNEL: WARNING: NUMERIC_STD.TO_INTEGER: metavalue detected, returning 0
# KERNEL: Time: 0 ps,  Iteration: 0,  Instance: /sixbitprocessor_tb/UUT,  Process: line__149.
# KERNEL: WARNING: There is an 'U'|'X'|'W'|'Z'|'-' in an arithmetic operand, the result will be 'X'(es).
# KERNEL: Time: 0 ps,  Iteration: 0,  Instance: /sixbitprocessor_tb/UUT,  Process: line__155.
# KERNEL: WARNING: There is an 'U'|'X'|'W'|'Z'|'-' in an arithmetic operand, the result will be 'X'(es).
# KERNEL: Time: 0 ps,  Iteration: 0,  Instance: /sixbitprocessor_tb/UUT/Registers__0,  Process: line__91.
# KERNEL: WARNING: There is an 'U'|'X'|'W'|'Z'|'-' in an arithmetic operand, the result will be 'X'(es).
# KERNEL: Time: 0 ps,  Iteration: 0,  Instance: /sixbitprocessor_tb/UUT/Registers__1,  Process: line__91.
# KERNEL: WARNING: There is an 'U'|'X'|'W'|'Z'|'-' in an arithmetic operand, the result will be 'X'(es).
# KERNEL: Time: 0 ps,  Iteration: 0,  Instance: /sixbitprocessor_tb/UUT/Registers__2,  Process: line__91.
# KERNEL: WARNING: There is an 'U'|'X'|'W'|'Z'|'-' in an arithmetic operand, the result will be 'X'(es).
# KERNEL: Time: 0 ps,  Iteration: 0,  Instance: /sixbitprocessor_tb/UUT/Registers__3,  Process: line__91.
# KERNEL: WARNING: There is an 'U'|'X'|'W'|'Z'|'-' in an arithmetic operand, the result will be 'X'(es).
# KERNEL: Time: 0 ps,  Iteration: 2,  Instance: /sixbitprocessor_tb/UUT,  Process: line__155.
# KERNEL: stopped at time: 100 ns
# add wave -noreg {/sixbitprocessor_tb/UUT/ROUT}
# VSIM: 1 object(s) traced.
run 100 ns
# KERNEL: stopped at time: 200 ns
run 100 ns
# KERNEL: stopped at time: 300 ns
run 100 ns
# KERNEL: stopped at time: 400 ns
run 100 ns
# KERNEL: stopped at time: 500 ns
run 100 ns
# KERNEL: stopped at time: 600 ns
run 100 ns
# KERNEL: stopped at time: 700 ns
run 100 ns
# KERNEL: stopped at time: 800 ns
run 100 ns
# KERNEL: stopped at time: 900 ns
run 100 ns
# KERNEL: stopped at time: 1 us
run 100 ns
# KERNEL: stopped at time: 1100 ns
run 100 ns
# KERNEL: stopped at time: 1200 ns
run 100 ns
# KERNEL: stopped at time: 1300 ns
run 100 ns
# KERNEL: stopped at time: 1400 ns
run 100 ns
# KERNEL: stopped at time: 1500 ns
run 100 ns
# KERNEL: stopped at time: 1600 ns
run 100 ns
# KERNEL: stopped at time: 1700 ns
run 100 ns
# KERNEL: stopped at time: 1800 ns
run 100 ns
# KERNEL: stopped at time: 1900 ns
run 100 ns
# KERNEL: stopped at time: 2 us
run 100 ns
# KERNEL: stopped at time: 2100 ns
acom -O3 -e 100 -work SixBitProcessor -2002  $dsn/src/SixBitProcessor.vhd
# Warning: DAGGEN_0523: The source is compiled without the -dbg switch. Line breakpoints and assertion debug will not be available.
# File: C:/Users/zephyrus/Desktop/CoDes_Project_Changiziyan_Alireza_Salehi_Sadra/CoDesProject/SixBitProcessor/src/SixBitProcessor.vhd
# Compile Entity "SixBitProcessor"
# Compile Architecture "SixBitProcessorArch" of Entity "SixBitProcessor"
# Error: COMP96_0078: SixBitProcessor.vhd : (158, 14): Unknown identifier "Z".
# Error: COMP96_0348: SixBitProcessor.vhd : (158, 14): Name on sensitivity list must denote a signal.
# Compile failure 2 Errors 0 Warnings  Analysis time :  16.0 [ms]
acom -O3 -e 100 -work SixBitProcessor -2002  $dsn/src/SixBitProcessor.vhd
# Warning: DAGGEN_0523: The source is compiled without the -dbg switch. Line breakpoints and assertion debug will not be available.
# File: C:/Users/zephyrus/Desktop/CoDes_Project_Changiziyan_Alireza_Salehi_Sadra/CoDesProject/SixBitProcessor/src/SixBitProcessor.vhd
# Compile Entity "SixBitProcessor"
# Compile Architecture "SixBitProcessorArch" of Entity "SixBitProcessor"
# Compile success 0 Errors 0 Warnings  Analysis time :  47.0 [ms]
acom -O3 -e 100 -work SixBitProcessor -2002  $dsn/src/SixBitProcessor.vhd
# Warning: DAGGEN_0523: The source is compiled without the -dbg switch. Line breakpoints and assertion debug will not be available.
# File: C:/Users/zephyrus/Desktop/CoDes_Project_Changiziyan_Alireza_Salehi_Sadra/CoDesProject/SixBitProcessor/src/SixBitProcessor.vhd
# Compile Entity "SixBitProcessor"
# Compile Architecture "SixBitProcessorArch" of Entity "SixBitProcessor"
# Compile success 0 Errors 0 Warnings  Analysis time :  47.0 [ms]
acom -O3 -e 100 -work SixBitProcessor -2002  $dsn/src/TestBench/sixbitprocessor_TB.vhd
# Warning: DAGGEN_0523: The source is compiled without the -dbg switch. Line breakpoints and assertion debug will not be available.
# File: C:/Users/zephyrus/Desktop/CoDes_Project_Changiziyan_Alireza_Salehi_Sadra/CoDesProject/SixBitProcessor/src/TestBench/sixbitprocessor_TB.vhd
# Compile Entity "sixbitprocessor_tb"
# Compile Architecture "TB_ARCHITECTURE" of Entity "sixbitprocessor_tb"
# Compile Configuration "TESTBENCH_FOR_sixbitprocessor"
# Compile success 0 Errors 0 Warnings  Analysis time :  31.0 [ms]
SetActiveLib -work
comp -include "$dsn\src\SixBitProcessor.vhd" 
# Warning: DAGGEN_0523: The source is compiled without the -dbg switch. Line breakpoints and assertion debug will not be available.
# File: C:/Users/zephyrus/Desktop/CoDes_Project_Changiziyan_Alireza_Salehi_Sadra/CoDesProject/SixBitProcessor/src/SixBitProcessor.vhd
# Compile Entity "SixBitProcessor"
# Compile Architecture "SixBitProcessorArch" of Entity "SixBitProcessor"
# Compile success 0 Errors 0 Warnings  Analysis time :  47.0 [ms]
comp -include "$dsn\src\TestBench\sixbitprocessor_TB.vhd" 
# Warning: DAGGEN_0523: The source is compiled without the -dbg switch. Line breakpoints and assertion debug will not be available.
# File: C:/Users/zephyrus/Desktop/CoDes_Project_Changiziyan_Alireza_Salehi_Sadra/CoDesProject/SixBitProcessor/src/TestBench/sixbitprocessor_TB.vhd
# Compile Entity "sixbitprocessor_tb"
# Compile Architecture "TB_ARCHITECTURE" of Entity "sixbitprocessor_tb"
# Compile Configuration "TESTBENCH_FOR_sixbitprocessor"
# Compile success 0 Errors 0 Warnings  Analysis time :  31.0 [ms]
asim +access +r TESTBENCH_FOR_sixbitprocessor 
# VSIM: Simulation has finished.
# ELBREAD: Elaboration process.
# ELBREAD: Elaboration time 0.0 [s].
# VSIM: Stack memory: 32MB
# VSIM: Retval memory: 32MB
# KERNEL: Main thread initiated.
# KERNEL: Kernel process initialization phase.
# ELAB2: Elaboration final pass...
# ELAB2: Create instances ...
# KERNEL: Time resolution set to 1ps.
# ELAB2: Create instances complete.
# SLP: Started
# SLP: Elaboration phase ...
# SLP: Elaboration phase ... skipped, nothing to simulate in SLP mode : 0.0 [s]
# SLP: Finished : 0.0 [s]
# ELAB2: Elaboration final pass complete - time: 0.0 [s].
# KERNEL: Kernel process initialization done.
# Allocation: Simulator allocated 6607 kB (elbread=427 elab2=6037 kernel=142 sdf=0)
# KERNEL: ASDB file was created in location C:\Users\zephyrus\Desktop\CoDes_Project_Changiziyan_Alireza_Salehi_Sadra\CoDesProject\SixBitProcessor\src\wave.asdb
#  4:33 PM, Friday, July 5, 2024
#  Simulation has been initialized
# Waveform file 'untitled.awc' connected to 'C:/Users/zephyrus/Desktop/CoDes_Project_Changiziyan_Alireza_Salehi_Sadra/CoDesProject/SixBitProcessor/src/wave.asdb'.
wave 
wave -noreg clk
wave -noreg reset
# # The following lines can be used for timing simulation
# # acom <backannotated_vhdl_file_name>
# # comp -include "$dsn\src\TestBench\sixbitprocessor_TB_tim_cfg.vhd" 
# # asim +access +r TIMING_FOR_sixbitprocessor 
# VSIM: 2 object(s) traced.
# Waveform file 'untitled.awc' connected to 'C:/Users/zephyrus/Desktop/CoDes_Project_Changiziyan_Alireza_Salehi_Sadra/CoDesProject/SixBitProcessor/src/wave.asdb'.
# add wave -noreg {/sixbitprocessor_tb/UUT/ROUT}
# VSIM: 1 object(s) traced.
run 100 ns
# KERNEL: WARNING: NUMERIC_STD.TO_INTEGER: metavalue detected, returning 0
# KERNEL: Time: 0 ps,  Iteration: 0,  Instance: /sixbitprocessor_tb/UUT,  Process: line__149.
# KERNEL: WARNING: There is an 'U'|'X'|'W'|'Z'|'-' in an arithmetic operand, the result will be 'X'(es).
# KERNEL: Time: 0 ps,  Iteration: 0,  Instance: /sixbitprocessor_tb/UUT,  Process: line__155.
# KERNEL: WARNING: There is an 'U'|'X'|'W'|'Z'|'-' in an arithmetic operand, the result will be 'X'(es).
# KERNEL: Time: 0 ps,  Iteration: 0,  Instance: /sixbitprocessor_tb/UUT/Registers__0,  Process: line__92.
# KERNEL: WARNING: There is an 'U'|'X'|'W'|'Z'|'-' in an arithmetic operand, the result will be 'X'(es).
# KERNEL: Time: 0 ps,  Iteration: 0,  Instance: /sixbitprocessor_tb/UUT/Registers__1,  Process: line__92.
# KERNEL: WARNING: There is an 'U'|'X'|'W'|'Z'|'-' in an arithmetic operand, the result will be 'X'(es).
# KERNEL: Time: 0 ps,  Iteration: 0,  Instance: /sixbitprocessor_tb/UUT/Registers__2,  Process: line__92.
# KERNEL: WARNING: There is an 'U'|'X'|'W'|'Z'|'-' in an arithmetic operand, the result will be 'X'(es).
# KERNEL: Time: 0 ps,  Iteration: 0,  Instance: /sixbitprocessor_tb/UUT/Registers__3,  Process: line__92.
# KERNEL: WARNING: There is an 'U'|'X'|'W'|'Z'|'-' in an arithmetic operand, the result will be 'X'(es).
# KERNEL: Time: 0 ps,  Iteration: 2,  Instance: /sixbitprocessor_tb/UUT,  Process: line__155.
# KERNEL: stopped at time: 100 ns
run 100 ns
# KERNEL: stopped at time: 200 ns
run 100 ns
# KERNEL: stopped at time: 300 ns
run 100 ns
# KERNEL: stopped at time: 400 ns
run 100 ns
# KERNEL: stopped at time: 500 ns
run 100 ns
# KERNEL: stopped at time: 600 ns
run 100 ns
# KERNEL: stopped at time: 700 ns
run 100 ns
# KERNEL: stopped at time: 800 ns
run 100 ns
# KERNEL: stopped at time: 900 ns
run 100 ns
# KERNEL: stopped at time: 1 us
run 100 ns
# KERNEL: stopped at time: 1100 ns
run 100 ns
# KERNEL: stopped at time: 1200 ns
run 100 ns
# KERNEL: stopped at time: 1300 ns
run 100 ns
# KERNEL: stopped at time: 1400 ns
run 100 ns
# KERNEL: stopped at time: 1500 ns
run 100 ns
# KERNEL: stopped at time: 1600 ns
run 100 ns
# KERNEL: stopped at time: 1700 ns
run 100 ns
# KERNEL: stopped at time: 1800 ns
run 100 ns
# KERNEL: stopped at time: 1900 ns
run 100 ns
# KERNEL: stopped at time: 2 us
acom -O3 -e 100 -work SixBitProcessor -2002  $dsn/src/SixBitProcessorWithMultiplier.vhd
# Warning: DAGGEN_0523: The source is compiled without the -dbg switch. Line breakpoints and assertion debug will not be available.
# File: C:/Users/zephyrus/Desktop/CoDes_Project_Changiziyan_Alireza_Salehi_Sadra/CoDesProject/SixBitProcessor/src/SixBitProcessorWithMultiplier.vhd
# Compile Entity "SixBitProcessor"
# Error: COMP96_0015: SixBitProcessorWithMultiplier.vhd : (8, 2): ';' expected.
# Error: COMP96_0019: SixBitProcessorWithMultiplier.vhd : (8, 2): Keyword 'end' expected.
# Error: COMP96_0016: SixBitProcessorWithMultiplier.vhd : (8, 10): Design unit declaration expected.
# Compile Architecture "SixBitProcessorArch" of Entity "SixBitProcessor"
# Error: COMP96_0049: SixBitProcessorWithMultiplier.vhd : (143, 39): Syntax error in expression.
# Error: COMP96_0029: SixBitProcessorWithMultiplier.vhd : (148, 9): Expression expected.
# Error: COMP96_0029: SixBitProcessorWithMultiplier.vhd : (202, 11): Expression expected.
# Error: COMP96_0029: SixBitProcessorWithMultiplier.vhd : (210, 11): Expression expected.
# Error: COMP96_0029: SixBitProcessorWithMultiplier.vhd : (226, 11): Expression expected.
# Compile failure 8 Errors 0 Warnings  Analysis time :  47.0 [ms]
acom -O3 -e 100 -work SixBitProcessor -2002  $dsn/src/SixBitProcessorWithMultiplier.vhd
# Warning: DAGGEN_0523: The source is compiled without the -dbg switch. Line breakpoints and assertion debug will not be available.
# File: C:/Users/zephyrus/Desktop/CoDes_Project_Changiziyan_Alireza_Salehi_Sadra/CoDesProject/SixBitProcessor/src/SixBitProcessorWithMultiplier.vhd
# Compile Entity "SixBitProcessor"
# Compile Architecture "SixBitProcessorArch" of Entity "SixBitProcessor"
# Error: COMP96_0049: SixBitProcessorWithMultiplier.vhd : (142, 39): Syntax error in expression.
# Error: COMP96_0029: SixBitProcessorWithMultiplier.vhd : (147, 9): Expression expected.
# Error: COMP96_0029: SixBitProcessorWithMultiplier.vhd : (201, 11): Expression expected.
# Error: COMP96_0029: SixBitProcessorWithMultiplier.vhd : (209, 11): Expression expected.
# Error: COMP96_0029: SixBitProcessorWithMultiplier.vhd : (225, 11): Expression expected.
# Compile failure 5 Errors 0 Warnings  Analysis time :  31.0 [ms]
acom -O3 -e 100 -work SixBitProcessor -2002  $dsn/src/SixBitProcessorWithMultiplier.vhd
# Warning: DAGGEN_0523: The source is compiled without the -dbg switch. Line breakpoints and assertion debug will not be available.
# File: C:/Users/zephyrus/Desktop/CoDes_Project_Changiziyan_Alireza_Salehi_Sadra/CoDesProject/SixBitProcessor/src/SixBitProcessorWithMultiplier.vhd
# Compile Entity "SixBitProcessor"
# Compile Architecture "SixBitProcessorArch" of Entity "SixBitProcessor"
# Error: COMP96_0049: SixBitProcessorWithMultiplier.vhd : (142, 39): Syntax error in expression.
# Error: COMP96_0029: SixBitProcessorWithMultiplier.vhd : (147, 9): Expression expected.
# Error: COMP96_0029: SixBitProcessorWithMultiplier.vhd : (201, 11): Expression expected.
# Error: COMP96_0029: SixBitProcessorWithMultiplier.vhd : (209, 11): Expression expected.
# Error: COMP96_0029: SixBitProcessorWithMultiplier.vhd : (225, 11): Expression expected.
# Compile failure 5 Errors 0 Warnings  Analysis time :  16.0 [ms]
acom -O3 -e 100 -work SixBitProcessor -2002  $dsn/src/SixBitProcessorWithMultiplier.vhd
# Warning: DAGGEN_0523: The source is compiled without the -dbg switch. Line breakpoints and assertion debug will not be available.
# File: C:/Users/zephyrus/Desktop/CoDes_Project_Changiziyan_Alireza_Salehi_Sadra/CoDesProject/SixBitProcessor/src/SixBitProcessorWithMultiplier.vhd
# Compile Entity "SixBitProcessor"
# Compile Architecture "SixBitProcessorArch" of Entity "SixBitProcessor"
# Error: COMP96_0029: SixBitProcessorWithMultiplier.vhd : (201, 11): Expression expected.
# Error: COMP96_0029: SixBitProcessorWithMultiplier.vhd : (209, 11): Expression expected.
# Error: COMP96_0029: SixBitProcessorWithMultiplier.vhd : (225, 11): Expression expected.
# Compile failure 3 Errors 0 Warnings  Analysis time :  15.0 [ms]
acom -O3 -e 100 -work SixBitProcessor -2002  $dsn/src/SixBitProcessorWithMultiplier.vhd
# Warning: DAGGEN_0523: The source is compiled without the -dbg switch. Line breakpoints and assertion debug will not be available.
# File: C:/Users/zephyrus/Desktop/CoDes_Project_Changiziyan_Alireza_Salehi_Sadra/CoDesProject/SixBitProcessor/src/SixBitProcessorWithMultiplier.vhd
# Compile Entity "SixBitProcessor"
# Compile Architecture "SixBitProcessorArch" of Entity "SixBitProcessor"
# Error: COMP96_0029: SixBitProcessorWithMultiplier.vhd : (225, 11): Expression expected.
# Compile failure 1 Errors 0 Warnings  Analysis time :  16.0 [ms]
acom -O3 -e 100 -work SixBitProcessor -2002  $dsn/src/SixBitProcessorWithMultiplier.vhd
# Warning: DAGGEN_0523: The source is compiled without the -dbg switch. Line breakpoints and assertion debug will not be available.
# File: C:/Users/zephyrus/Desktop/CoDes_Project_Changiziyan_Alireza_Salehi_Sadra/CoDesProject/SixBitProcessor/src/SixBitProcessorWithMultiplier.vhd
# Compile Entity "SixBitProcessor"
# Compile Architecture "SixBitProcessorArch" of Entity "SixBitProcessor"
# Warning: COMP96_0349: SixBitProcessorWithMultiplier.vhd : (60, 2): Aggregate with multiple choices has a non-static or null choice.
# Error: COMP96_0367: SixBitProcessorWithMultiplier.vhd : (96, 62): Improper array length (7). Expected length is 6.
# Error: COMP96_0078: SixBitProcessorWithMultiplier.vhd : (142, 95): Unknown identifier "ALU".
# Error: COMP96_0133: SixBitProcessorWithMultiplier.vhd : (142, 95): Cannot find object declaration.
# Error: COMP96_0289: SixBitProcessorWithMultiplier.vhd : (142, 95): Prefix of index must be an array.
# Error: COMP96_0077: SixBitProcessorWithMultiplier.vhd : (142, 86): Undefined type of expression. Expected type 'STD_LOGIC_VECTOR'.
# Compile failure 5 Errors 1 Warnings  Analysis time :  15.0 [ms]
acom -O3 -e 100 -work SixBitProcessor -2002  $dsn/src/SixBitProcessorWithMultiplier.vhd
# Warning: DAGGEN_0523: The source is compiled without the -dbg switch. Line breakpoints and assertion debug will not be available.
# File: C:/Users/zephyrus/Desktop/CoDes_Project_Changiziyan_Alireza_Salehi_Sadra/CoDesProject/SixBitProcessor/src/SixBitProcessorWithMultiplier.vhd
# Compile Entity "SixBitProcessor"
# Compile Architecture "SixBitProcessorArch" of Entity "SixBitProcessor"
# Warning: COMP96_0349: SixBitProcessorWithMultiplier.vhd : (60, 2): Aggregate with multiple choices has a non-static or null choice.
# Error: COMP96_0367: SixBitProcessorWithMultiplier.vhd : (96, 62): Improper array length (7). Expected length is 6.
# Error: COMP96_0078: SixBitProcessorWithMultiplier.vhd : (142, 95): Unknown identifier "ALU".
# Error: COMP96_0133: SixBitProcessorWithMultiplier.vhd : (142, 95): Cannot find object declaration.
# Error: COMP96_0289: SixBitProcessorWithMultiplier.vhd : (142, 95): Prefix of index must be an array.
# Error: COMP96_0077: SixBitProcessorWithMultiplier.vhd : (142, 86): Undefined type of expression. Expected type 'STD_LOGIC_VECTOR'.
# Compile failure 5 Errors 1 Warnings  Analysis time :  15.0 [ms]
acom -O3 -e 100 -work SixBitProcessor -2002  $dsn/src/SixBitProcessorWithMultiplier.vhd
# Warning: DAGGEN_0523: The source is compiled without the -dbg switch. Line breakpoints and assertion debug will not be available.
# File: C:/Users/zephyrus/Desktop/CoDes_Project_Changiziyan_Alireza_Salehi_Sadra/CoDesProject/SixBitProcessor/src/SixBitProcessorWithMultiplier.vhd
# Compile Entity "SixBitProcessor"
# Compile Architecture "SixBitProcessorArch" of Entity "SixBitProcessor"
# Warning: COMP96_0349: SixBitProcessorWithMultiplier.vhd : (60, 2): Aggregate with multiple choices has a non-static or null choice.
# Error: COMP96_0367: SixBitProcessorWithMultiplier.vhd : (96, 62): Improper array length (7). Expected length is 6.
# Error: COMP96_0078: SixBitProcessorWithMultiplier.vhd : (142, 95): Unknown identifier "ALU".
# Error: COMP96_0133: SixBitProcessorWithMultiplier.vhd : (142, 95): Cannot find object declaration.
# Error: COMP96_0289: SixBitProcessorWithMultiplier.vhd : (142, 95): Prefix of index must be an array.
# Error: COMP96_0077: SixBitProcessorWithMultiplier.vhd : (142, 86): Undefined type of expression. Expected type 'STD_LOGIC_VECTOR'.
# Compile failure 5 Errors 1 Warnings  Analysis time :  16.0 [ms]
acom -O3 -e 100 -work SixBitProcessor -2002  $dsn/src/SixBitProcessorWithMultiplier.vhd
# Warning: DAGGEN_0523: The source is compiled without the -dbg switch. Line breakpoints and assertion debug will not be available.
# File: C:/Users/zephyrus/Desktop/CoDes_Project_Changiziyan_Alireza_Salehi_Sadra/CoDesProject/SixBitProcessor/src/SixBitProcessorWithMultiplier.vhd
# Compile Entity "SixBitProcessor"
# Compile Architecture "SixBitProcessorArch" of Entity "SixBitProcessor"
# Warning: COMP96_0349: SixBitProcessorWithMultiplier.vhd : (60, 2): Aggregate with multiple choices has a non-static or null choice.
# Error: COMP96_0078: SixBitProcessorWithMultiplier.vhd : (142, 95): Unknown identifier "ALU".
# Error: COMP96_0133: SixBitProcessorWithMultiplier.vhd : (142, 95): Cannot find object declaration.
# Error: COMP96_0289: SixBitProcessorWithMultiplier.vhd : (142, 95): Prefix of index must be an array.
# Error: COMP96_0077: SixBitProcessorWithMultiplier.vhd : (142, 86): Undefined type of expression. Expected type 'STD_LOGIC_VECTOR'.
# Compile failure 4 Errors 1 Warnings  Analysis time :  16.0 [ms]
acom -O3 -e 100 -work SixBitProcessor -2002  $dsn/src/SixBitProcessorWithMultiplier.vhd
# Warning: DAGGEN_0523: The source is compiled without the -dbg switch. Line breakpoints and assertion debug will not be available.
# File: C:/Users/zephyrus/Desktop/CoDes_Project_Changiziyan_Alireza_Salehi_Sadra/CoDesProject/SixBitProcessor/src/SixBitProcessorWithMultiplier.vhd
# Compile Entity "SixBitProcessor"
# Compile Architecture "SixBitProcessorArch" of Entity "SixBitProcessor"
# Warning: COMP96_0349: SixBitProcessorWithMultiplier.vhd : (60, 2): Aggregate with multiple choices has a non-static or null choice.
# Error: COMP96_0078: SixBitProcessorWithMultiplier.vhd : (142, 101): Unknown identifier "ALU".
# Error: COMP96_0133: SixBitProcessorWithMultiplier.vhd : (142, 101): Cannot find object declaration.
# Error: COMP96_0289: SixBitProcessorWithMultiplier.vhd : (142, 101): Prefix of index must be an array.
# Error: COMP96_0077: SixBitProcessorWithMultiplier.vhd : (142, 90): Undefined type of expression. Expected type 'STD_LOGIC_VECTOR'.
# Compile failure 4 Errors 1 Warnings  Analysis time :  16.0 [ms]
acom -O3 -e 100 -work SixBitProcessor -2002  $dsn/src/SixBitProcessorWithMultiplier.vhd
# Warning: DAGGEN_0523: The source is compiled without the -dbg switch. Line breakpoints and assertion debug will not be available.
# File: C:/Users/zephyrus/Desktop/CoDes_Project_Changiziyan_Alireza_Salehi_Sadra/CoDesProject/SixBitProcessor/src/SixBitProcessorWithMultiplier.vhd
# Compile Entity "SixBitProcessor"
# Compile Architecture "SixBitProcessorArch" of Entity "SixBitProcessor"
# Warning: COMP96_0349: SixBitProcessorWithMultiplier.vhd : (60, 2): Aggregate with multiple choices has a non-static or null choice.
# Compile success 0 Errors 1 Warnings  Analysis time :  62.0 [ms]
acom -O3 -e 100 -work SixBitProcessor -2002  $dsn/src/SixBitProcessorWithMultiplier.vhd
# Warning: DAGGEN_0523: The source is compiled without the -dbg switch. Line breakpoints and assertion debug will not be available.
# File: C:/Users/zephyrus/Desktop/CoDes_Project_Changiziyan_Alireza_Salehi_Sadra/CoDesProject/SixBitProcessor/src/SixBitProcessorWithMultiplier.vhd
# Compile Entity "SixBitProcessorWithMultiplier"
# Compile Architecture "SixBitProcessorWithMultiplierArch" of Entity "SixBitProcessorWithMultiplier"
# Warning: COMP96_0349: SixBitProcessorWithMultiplier.vhd : (60, 2): Aggregate with multiple choices has a non-static or null choice.
# Compile success 0 Errors 1 Warnings  Analysis time :  62.0 [ms]
acom -O3 -e 100 -work SixBitProcessor -2002  $dsn/src/SixBitProcessorWithMultiplier.vhd
# Warning: DAGGEN_0523: The source is compiled without the -dbg switch. Line breakpoints and assertion debug will not be available.
# File: C:/Users/zephyrus/Desktop/CoDes_Project_Changiziyan_Alireza_Salehi_Sadra/CoDesProject/SixBitProcessor/src/SixBitProcessorWithMultiplier.vhd
# Compile Entity "SixBitProcessorWithMultiplier"
# Compile Architecture "SixBitProcessorWithMultiplierArch" of Entity "SixBitProcessorWithMultiplier"
# Warning: COMP96_0349: SixBitProcessorWithMultiplier.vhd : (60, 2): Aggregate with multiple choices has a non-static or null choice.
# Compile success 0 Errors 1 Warnings  Analysis time :  47.0 [ms]
acom -O3 -e 100 -work SixBitProcessor -2002  $dsn/src/TestBench/sixbitprocessor_TB.vhd
# Warning: DAGGEN_0523: The source is compiled without the -dbg switch. Line breakpoints and assertion debug will not be available.
# File: C:/Users/zephyrus/Desktop/CoDes_Project_Changiziyan_Alireza_Salehi_Sadra/CoDesProject/SixBitProcessor/src/TestBench/sixbitprocessor_TB.vhd
# Compile Entity "sixbitprocessor_tb"
# Compile Architecture "TB_ARCHITECTURE" of Entity "sixbitprocessor_tb"
# Compile Configuration "TESTBENCH_FOR_sixbitprocessor"
# Compile success 0 Errors 0 Warnings  Analysis time :  47.0 [ms]
acom -O3 -e 100 -work SixBitProcessor -2002  $dsn/src/TestBench/sixbitprocessorwithmultiplier_TB.vhd
# Warning: DAGGEN_0523: The source is compiled without the -dbg switch. Line breakpoints and assertion debug will not be available.
# File: C:/Users/zephyrus/Desktop/CoDes_Project_Changiziyan_Alireza_Salehi_Sadra/CoDesProject/SixBitProcessor/src/TestBench/sixbitprocessorwithmultiplier_TB.vhd
# Compile Entity "sixbitprocessorwithmultiplier_tb"
# Compile Architecture "TB_ARCHITECTURE" of Entity "sixbitprocessorwithmultiplier_tb"
# Compile Configuration "TESTBENCH_FOR_sixbitprocessorwithmultiplier"
# Compile success 0 Errors 0 Warnings  Analysis time :  47.0 [ms]
SetActiveLib -work
comp -include "$dsn\src\SixBitProcessorWithMultiplier.vhd" 
# Warning: DAGGEN_0523: The source is compiled without the -dbg switch. Line breakpoints and assertion debug will not be available.
# File: C:/Users/zephyrus/Desktop/CoDes_Project_Changiziyan_Alireza_Salehi_Sadra/CoDesProject/SixBitProcessor/src/SixBitProcessorWithMultiplier.vhd
# Compile Entity "SixBitProcessorWithMultiplier"
# Compile Architecture "SixBitProcessorWithMultiplierArch" of Entity "SixBitProcessorWithMultiplier"
# Warning: COMP96_0349: SixBitProcessorWithMultiplier.vhd : (60, 2): Aggregate with multiple choices has a non-static or null choice.
# Compile success 0 Errors 1 Warnings  Analysis time :  62.0 [ms]
comp -include "$dsn\src\TestBench\sixbitprocessorwithmultiplier_TB.vhd" 
# Warning: DAGGEN_0523: The source is compiled without the -dbg switch. Line breakpoints and assertion debug will not be available.
# File: C:/Users/zephyrus/Desktop/CoDes_Project_Changiziyan_Alireza_Salehi_Sadra/CoDesProject/SixBitProcessor/src/TestBench/sixbitprocessorwithmultiplier_TB.vhd
# Compile Entity "sixbitprocessorwithmultiplier_tb"
# Compile Architecture "TB_ARCHITECTURE" of Entity "sixbitprocessorwithmultiplier_tb"
# Compile Configuration "TESTBENCH_FOR_sixbitprocessorwithmultiplier"
# Compile success 0 Errors 0 Warnings  Analysis time :  31.0 [ms]
asim +access +r TESTBENCH_FOR_sixbitprocessorwithmultiplier 
# VSIM: Simulation has finished.
# ELBREAD: Elaboration process.
# ELBREAD: Elaboration time 0.0 [s].
# VSIM: Stack memory: 32MB
# VSIM: Retval memory: 32MB
# KERNEL: Main thread initiated.
# KERNEL: Kernel process initialization phase.
# ELAB2: Elaboration final pass...
# ELAB2: Create instances ...
# KERNEL: Time resolution set to 1ps.
# ELAB2: Create instances complete.
# SLP: Started
# SLP: Elaboration phase ...
# SLP: Elaboration phase ... skipped, nothing to simulate in SLP mode : 0.0 [s]
# SLP: Finished : 0.0 [s]
# ELAB2: Elaboration final pass complete - time: 0.0 [s].
# KERNEL: Kernel process initialization done.
# Allocation: Simulator allocated 6614 kB (elbread=427 elab2=6044 kernel=143 sdf=0)
# KERNEL: ASDB file was created in location C:\Users\zephyrus\Desktop\CoDes_Project_Changiziyan_Alireza_Salehi_Sadra\CoDesProject\SixBitProcessor\src\wave.asdb
#  5:08 PM, Friday, July 5, 2024
#  Simulation has been initialized
# Waveform file 'untitled.awc' connected to 'C:/Users/zephyrus/Desktop/CoDes_Project_Changiziyan_Alireza_Salehi_Sadra/CoDesProject/SixBitProcessor/src/wave.asdb'.
wave 
wave -noreg clk
wave -noreg reset
# # The following lines can be used for timing simulation
# # acom <backannotated_vhdl_file_name>
# # comp -include "$dsn\src\TestBench\sixbitprocessorwithmultiplier_TB_tim_cfg.vhd" 
# # asim +access +r TIMING_FOR_sixbitprocessorwithmultiplier 
# VSIM: 2 object(s) traced.
# Waveform file 'untitled.awc' connected to 'C:/Users/zephyrus/Desktop/CoDes_Project_Changiziyan_Alireza_Salehi_Sadra/CoDesProject/SixBitProcessor/src/wave.asdb'.
# add wave -noreg {/sixbitprocessorwithmultiplier_tb/UUT/ROUT}
# VSIM: 1 object(s) traced.
run 100 ns
# KERNEL: WARNING: NUMERIC_STD.TO_INTEGER: metavalue detected, returning 0
# KERNEL: Time: 0 ps,  Iteration: 0,  Instance: /sixbitprocessorwithmultiplier_tb/UUT,  Process: line__136.
# KERNEL: WARNING: There is an 'U'|'X'|'W'|'Z'|'-' in an arithmetic operand, the result will be 'X'(es).
# KERNEL: Time: 0 ps,  Iteration: 0,  Instance: /sixbitprocessorwithmultiplier_tb/UUT,  Process: line__142.
# KERNEL: WARNING: There is an 'U'|'X'|'W'|'Z'|'-' in an arithmetic operand, the result will be 'X'(es).
# KERNEL: Time: 0 ps,  Iteration: 0,  Instance: /sixbitprocessorwithmultiplier_tb/UUT,  Process: line__142.
# KERNEL: WARNING: There is an 'U'|'X'|'W'|'Z'|'-' in an arithmetic operand, the result will be 'X'(es).
# KERNEL: Time: 0 ps,  Iteration: 0,  Instance: /sixbitprocessorwithmultiplier_tb/UUT,  Process: line__142.
# RUNTIME: Fatal Error: RUNTIME_0046 SixBitProcessorWithMultiplier.vhd (142): Incompatible ranges; left: (6 downto 0), right: (13 downto 0).
# KERNEL: Time: 0 ps,  Iteration: 0,  Instance: /sixbitprocessorwithmultiplier_tb/UUT,  Process: line__142.
# KERNEL: Stopped at time 0 ps + 0.
# VSIM: Error: Fatal error occurred during simulation.
run 100 ns
acom -O3 -e 100 -work SixBitProcessor -2002  $dsn/src/SixBitProcessorWithMultiplier.vhd
# Warning: DAGGEN_0523: The source is compiled without the -dbg switch. Line breakpoints and assertion debug will not be available.
# File: C:/Users/zephyrus/Desktop/CoDes_Project_Changiziyan_Alireza_Salehi_Sadra/CoDesProject/SixBitProcessor/src/SixBitProcessorWithMultiplier.vhd
# Compile Entity "SixBitProcessorWithMultiplier"
# Compile Architecture "SixBitProcessorWithMultiplierArch" of Entity "SixBitProcessorWithMultiplier"
# Error: COMP96_0019: SixBitProcessorWithMultiplier.vhd : (38, 1): Keyword 'begin' expected.
# Error: COMP96_0016: SixBitProcessorWithMultiplier.vhd : (38, 7): Design unit declaration expected.
# Compile failure 2 Errors 0 Warnings  Analysis time :  31.0 [ms]
acom -O3 -e 100 -work SixBitProcessor -2002  $dsn/src/SixBitProcessorWithMultiplier.vhd
# Warning: DAGGEN_0523: The source is compiled without the -dbg switch. Line breakpoints and assertion debug will not be available.
# File: C:/Users/zephyrus/Desktop/CoDes_Project_Changiziyan_Alireza_Salehi_Sadra/CoDesProject/SixBitProcessor/src/SixBitProcessorWithMultiplier.vhd
# Compile Entity "SixBitProcessorWithMultiplier"
# Compile Architecture "SixBitProcessorWithMultiplierArch" of Entity "SixBitProcessorWithMultiplier"
# Error: COMP96_0019: SixBitProcessorWithMultiplier.vhd : (38, 1): Keyword 'begin' expected.
# Error: COMP96_0016: SixBitProcessorWithMultiplier.vhd : (38, 7): Design unit declaration expected.
# Compile failure 2 Errors 0 Warnings  Analysis time :  15.0 [ms]
acom -O3 -e 100 -work SixBitProcessor -2002  $dsn/src/SixBitProcessorWithMultiplier.vhd
# Warning: DAGGEN_0523: The source is compiled without the -dbg switch. Line breakpoints and assertion debug will not be available.
# File: C:/Users/zephyrus/Desktop/CoDes_Project_Changiziyan_Alireza_Salehi_Sadra/CoDesProject/SixBitProcessor/src/SixBitProcessorWithMultiplier.vhd
# Compile Entity "SixBitProcessorWithMultiplier"
# Compile Architecture "SixBitProcessorWithMultiplierArch" of Entity "SixBitProcessorWithMultiplier"
# Error: COMP96_0019: SixBitProcessorWithMultiplier.vhd : (142, 111): Keyword 'when' expected.
# Error: COMP96_0015: SixBitProcessorWithMultiplier.vhd : (142, 111): ';' expected.
# Error: COMP96_0015: SixBitProcessorWithMultiplier.vhd : (142, 139): '=>' expected.
# Compile failure 3 Errors 0 Warnings  Analysis time :  15.0 [ms]
acom -O3 -e 100 -work SixBitProcessor -2002  $dsn/src/SixBitProcessorWithMultiplier.vhd
# Warning: DAGGEN_0523: The source is compiled without the -dbg switch. Line breakpoints and assertion debug will not be available.
# File: C:/Users/zephyrus/Desktop/CoDes_Project_Changiziyan_Alireza_Salehi_Sadra/CoDesProject/SixBitProcessor/src/SixBitProcessorWithMultiplier.vhd
# Compile Entity "SixBitProcessorWithMultiplier"
# Compile Architecture "SixBitProcessorWithMultiplierArch" of Entity "SixBitProcessorWithMultiplier"
# Warning: COMP96_0349: SixBitProcessorWithMultiplier.vhd : (60, 2): Aggregate with multiple choices has a non-static or null choice.
# Compile success 0 Errors 1 Warnings  Analysis time :  62.0 [ms]
acom -O3 -e 100 -work SixBitProcessor -2002  $dsn/src/TestBench/sixbitprocessorwithmultiplier_TB.vhd
# Warning: DAGGEN_0523: The source is compiled without the -dbg switch. Line breakpoints and assertion debug will not be available.
# File: C:/Users/zephyrus/Desktop/CoDes_Project_Changiziyan_Alireza_Salehi_Sadra/CoDesProject/SixBitProcessor/src/TestBench/sixbitprocessorwithmultiplier_TB.vhd
# Compile Entity "sixbitprocessorwithmultiplier_tb"
# Compile Architecture "TB_ARCHITECTURE" of Entity "sixbitprocessorwithmultiplier_tb"
# Compile Configuration "TESTBENCH_FOR_sixbitprocessorwithmultiplier"
# Compile success 0 Errors 0 Warnings  Analysis time :  47.0 [ms]
SetActiveLib -work
comp -include "$dsn\src\SixBitProcessorWithMultiplier.vhd" 
# Warning: DAGGEN_0523: The source is compiled without the -dbg switch. Line breakpoints and assertion debug will not be available.
# File: C:/Users/zephyrus/Desktop/CoDes_Project_Changiziyan_Alireza_Salehi_Sadra/CoDesProject/SixBitProcessor/src/SixBitProcessorWithMultiplier.vhd
# Compile Entity "SixBitProcessorWithMultiplier"
# Compile Architecture "SixBitProcessorWithMultiplierArch" of Entity "SixBitProcessorWithMultiplier"
# Warning: COMP96_0349: SixBitProcessorWithMultiplier.vhd : (60, 2): Aggregate with multiple choices has a non-static or null choice.
# Compile success 0 Errors 1 Warnings  Analysis time :  47.0 [ms]
comp -include "$dsn\src\TestBench\sixbitprocessorwithmultiplier_TB.vhd" 
# Warning: DAGGEN_0523: The source is compiled without the -dbg switch. Line breakpoints and assertion debug will not be available.
# File: C:/Users/zephyrus/Desktop/CoDes_Project_Changiziyan_Alireza_Salehi_Sadra/CoDesProject/SixBitProcessor/src/TestBench/sixbitprocessorwithmultiplier_TB.vhd
# Compile Entity "sixbitprocessorwithmultiplier_tb"
# Compile Architecture "TB_ARCHITECTURE" of Entity "sixbitprocessorwithmultiplier_tb"
# Compile Configuration "TESTBENCH_FOR_sixbitprocessorwithmultiplier"
# Compile success 0 Errors 0 Warnings  Analysis time :  31.0 [ms]
asim +access +r TESTBENCH_FOR_sixbitprocessorwithmultiplier 
# VSIM: Simulation has finished.
# ELBREAD: Elaboration process.
# ELBREAD: Elaboration time 0.0 [s].
# VSIM: Stack memory: 32MB
# VSIM: Retval memory: 32MB
# KERNEL: Main thread initiated.
# KERNEL: Kernel process initialization phase.
# ELAB2: Elaboration final pass...
# ELAB2: Create instances ...
# KERNEL: Time resolution set to 1ps.
# ELAB2: Create instances complete.
# SLP: Started
# SLP: Elaboration phase ...
# SLP: Elaboration phase ... skipped, nothing to simulate in SLP mode : 0.0 [s]
# SLP: Finished : 0.0 [s]
# ELAB2: Elaboration final pass complete - time: 0.0 [s].
# KERNEL: Kernel process initialization done.
# Allocation: Simulator allocated 6614 kB (elbread=427 elab2=6044 kernel=143 sdf=0)
# KERNEL: ASDB file was created in location C:\Users\zephyrus\Desktop\CoDes_Project_Changiziyan_Alireza_Salehi_Sadra\CoDesProject\SixBitProcessor\src\wave.asdb
#  5:34 PM, Friday, July 5, 2024
#  Simulation has been initialized
wave 
wave -noreg clk
wave -noreg reset
# # The following lines can be used for timing simulation
# # acom <backannotated_vhdl_file_name>
# # comp -include "$dsn\src\TestBench\sixbitprocessorwithmultiplier_TB_tim_cfg.vhd" 
# # asim +access +r TIMING_FOR_sixbitprocessorwithmultiplier 
# VSIM: 2 object(s) traced.
# Waveform file 'untitled.awc' connected to 'C:/Users/zephyrus/Desktop/CoDes_Project_Changiziyan_Alireza_Salehi_Sadra/CoDesProject/SixBitProcessor/src/wave.asdb'.
# add wave -noreg {/sixbitprocessorwithmultiplier_tb/UUT/ROUT}
# VSIM: 1 object(s) traced.
run 100 ns
# KERNEL: WARNING: NUMERIC_STD.TO_INTEGER: metavalue detected, returning 0
# KERNEL: Time: 0 ps,  Iteration: 0,  Instance: /sixbitprocessorwithmultiplier_tb/UUT,  Process: line__136.
# KERNEL: WARNING: There is an 'U'|'X'|'W'|'Z'|'-' in an arithmetic operand, the result will be 'X'(es).
# KERNEL: Time: 0 ps,  Iteration: 0,  Instance: /sixbitprocessorwithmultiplier_tb/UUT,  Process: line__142.
# KERNEL: WARNING: There is an 'U'|'X'|'W'|'Z'|'-' in an arithmetic operand, the result will be 'X'(es).
# KERNEL: Time: 0 ps,  Iteration: 0,  Instance: /sixbitprocessorwithmultiplier_tb/UUT,  Process: line__142.
# KERNEL: WARNING: There is an 'U'|'X'|'W'|'Z'|'-' in an arithmetic operand, the result will be 'X'(es).
# KERNEL: Time: 0 ps,  Iteration: 0,  Instance: /sixbitprocessorwithmultiplier_tb/UUT,  Process: line__142.
# RUNTIME: Fatal Error: RUNTIME_0046 SixBitProcessorWithMultiplier.vhd (142): Incompatible ranges; left: (6 downto 0), right: (13 downto 0).
# KERNEL: Time: 0 ps,  Iteration: 0,  Instance: /sixbitprocessorwithmultiplier_tb/UUT,  Process: line__142.
# KERNEL: Stopped at time 0 ps + 0.
# VSIM: Error: Fatal error occurred during simulation.
acom -O3 -e 100 -work SixBitProcessor -2002  $dsn/src/SixBitProcessorWithMultiplier.vhd
# Warning: DAGGEN_0523: The source is compiled without the -dbg switch. Line breakpoints and assertion debug will not be available.
# File: C:/Users/zephyrus/Desktop/CoDes_Project_Changiziyan_Alireza_Salehi_Sadra/CoDesProject/SixBitProcessor/src/SixBitProcessorWithMultiplier.vhd
# Compile Entity "SixBitProcessorWithMultiplier"
# Compile Architecture "SixBitProcessorWithMultiplierArch" of Entity "SixBitProcessorWithMultiplier"
# Error: COMP96_0019: SixBitProcessorWithMultiplier.vhd : (142, 2): Keyword 'when' expected.
# Error: COMP96_0015: SixBitProcessorWithMultiplier.vhd : (142, 2): ';' expected.
# Compile failure 2 Errors 0 Warnings  Analysis time :  16.0 [ms]
acom -O3 -e 100 -work SixBitProcessor -2002  $dsn/src/SixBitProcessorWithMultiplier.vhd
# Warning: DAGGEN_0523: The source is compiled without the -dbg switch. Line breakpoints and assertion debug will not be available.
# File: C:/Users/zephyrus/Desktop/CoDes_Project_Changiziyan_Alireza_Salehi_Sadra/CoDesProject/SixBitProcessor/src/SixBitProcessorWithMultiplier.vhd
# Compile Entity "SixBitProcessorWithMultiplier"
# Compile Architecture "SixBitProcessorWithMultiplierArch" of Entity "SixBitProcessorWithMultiplier"
# Warning: COMP96_0349: SixBitProcessorWithMultiplier.vhd : (60, 2): Aggregate with multiple choices has a non-static or null choice.
# Compile success 0 Errors 1 Warnings  Analysis time :  62.0 [ms]
acom -O3 -e 100 -work SixBitProcessor -2002  $dsn/src/TestBench/sixbitprocessorwithmultiplier_TB.vhd
# Warning: DAGGEN_0523: The source is compiled without the -dbg switch. Line breakpoints and assertion debug will not be available.
# File: C:/Users/zephyrus/Desktop/CoDes_Project_Changiziyan_Alireza_Salehi_Sadra/CoDesProject/SixBitProcessor/src/TestBench/sixbitprocessorwithmultiplier_TB.vhd
# Compile Entity "sixbitprocessorwithmultiplier_tb"
# Compile Architecture "TB_ARCHITECTURE" of Entity "sixbitprocessorwithmultiplier_tb"
# Compile Configuration "TESTBENCH_FOR_sixbitprocessorwithmultiplier"
# Compile success 0 Errors 0 Warnings  Analysis time :  47.0 [ms]
SetActiveLib -work
comp -include "$dsn\src\SixBitProcessorWithMultiplier.vhd" 
# Warning: DAGGEN_0523: The source is compiled without the -dbg switch. Line breakpoints and assertion debug will not be available.
# File: C:/Users/zephyrus/Desktop/CoDes_Project_Changiziyan_Alireza_Salehi_Sadra/CoDesProject/SixBitProcessor/src/SixBitProcessorWithMultiplier.vhd
# Compile Entity "SixBitProcessorWithMultiplier"
# Compile Architecture "SixBitProcessorWithMultiplierArch" of Entity "SixBitProcessorWithMultiplier"
# Warning: COMP96_0349: SixBitProcessorWithMultiplier.vhd : (60, 2): Aggregate with multiple choices has a non-static or null choice.
# Compile success 0 Errors 1 Warnings  Analysis time :  63.0 [ms]
comp -include "$dsn\src\TestBench\sixbitprocessorwithmultiplier_TB.vhd" 
# Warning: DAGGEN_0523: The source is compiled without the -dbg switch. Line breakpoints and assertion debug will not be available.
# File: C:/Users/zephyrus/Desktop/CoDes_Project_Changiziyan_Alireza_Salehi_Sadra/CoDesProject/SixBitProcessor/src/TestBench/sixbitprocessorwithmultiplier_TB.vhd
# Compile Entity "sixbitprocessorwithmultiplier_tb"
# Compile Architecture "TB_ARCHITECTURE" of Entity "sixbitprocessorwithmultiplier_tb"
# Compile Configuration "TESTBENCH_FOR_sixbitprocessorwithmultiplier"
# Compile success 0 Errors 0 Warnings  Analysis time :  31.0 [ms]
asim +access +r TESTBENCH_FOR_sixbitprocessorwithmultiplier 
# VSIM: Simulation has finished.
# ELBREAD: Elaboration process.
# ELBREAD: Elaboration time 0.0 [s].
# VSIM: Stack memory: 32MB
# VSIM: Retval memory: 32MB
# KERNEL: Main thread initiated.
# KERNEL: Kernel process initialization phase.
# ELAB2: Elaboration final pass...
# ELAB2: Create instances ...
# KERNEL: Time resolution set to 1ps.
# ELAB2: Create instances complete.
# SLP: Started
# SLP: Elaboration phase ...
# SLP: Elaboration phase ... skipped, nothing to simulate in SLP mode : 0.0 [s]
# SLP: Finished : 0.0 [s]
# ELAB2: Elaboration final pass complete - time: 0.0 [s].
# KERNEL: Kernel process initialization done.
# Allocation: Simulator allocated 6615 kB (elbread=427 elab2=6045 kernel=143 sdf=0)
# KERNEL: ASDB file was created in location C:\Users\zephyrus\Desktop\CoDes_Project_Changiziyan_Alireza_Salehi_Sadra\CoDesProject\SixBitProcessor\src\wave.asdb
#  5:36 PM, Friday, July 5, 2024
#  Simulation has been initialized
wave 
wave -noreg clk
wave -noreg reset
# # The following lines can be used for timing simulation
# # acom <backannotated_vhdl_file_name>
# # comp -include "$dsn\src\TestBench\sixbitprocessorwithmultiplier_TB_tim_cfg.vhd" 
# # asim +access +r TIMING_FOR_sixbitprocessorwithmultiplier 
# VSIM: 2 object(s) traced.
# Waveform file 'untitled.awc' connected to 'C:/Users/zephyrus/Desktop/CoDes_Project_Changiziyan_Alireza_Salehi_Sadra/CoDesProject/SixBitProcessor/src/wave.asdb'.
# add wave -noreg {/sixbitprocessorwithmultiplier_tb/UUT/ROUT}
# VSIM: 1 object(s) traced.
run 100 ns
# KERNEL: WARNING: NUMERIC_STD.TO_INTEGER: metavalue detected, returning 0
# KERNEL: Time: 0 ps,  Iteration: 0,  Instance: /sixbitprocessorwithmultiplier_tb/UUT,  Process: line__136.
# KERNEL: WARNING: There is an 'U'|'X'|'W'|'Z'|'-' in an arithmetic operand, the result will be 'X'(es).
# KERNEL: Time: 0 ps,  Iteration: 0,  Instance: /sixbitprocessorwithmultiplier_tb/UUT,  Process: line__139.
# RUNTIME: Fatal Error: RUNTIME_0046 SixBitProcessorWithMultiplier.vhd (139): Incompatible ranges; left: (6 downto 0), right: (13 downto 0).
# KERNEL: Time: 0 ps,  Iteration: 0,  Instance: /sixbitprocessorwithmultiplier_tb/UUT,  Process: line__139.
# KERNEL: Stopped at time 0 ps + 0.
# VSIM: Error: Fatal error occurred during simulation.
acom -O3 -e 100 -work SixBitProcessor -2002  $dsn/src/SixBitProcessorWithMultiplier.vhd
# Warning: DAGGEN_0523: The source is compiled without the -dbg switch. Line breakpoints and assertion debug will not be available.
# File: C:/Users/zephyrus/Desktop/CoDes_Project_Changiziyan_Alireza_Salehi_Sadra/CoDesProject/SixBitProcessor/src/SixBitProcessorWithMultiplier.vhd
# Compile Entity "SixBitProcessorWithMultiplier"
# Compile Architecture "SixBitProcessorWithMultiplierArch" of Entity "SixBitProcessorWithMultiplier"
# Warning: COMP96_0349: SixBitProcessorWithMultiplier.vhd : (60, 2): Aggregate with multiple choices has a non-static or null choice.
# Compile success 0 Errors 1 Warnings  Analysis time :  62.0 [ms]
acom -O3 -e 100 -work SixBitProcessor -2002  $dsn/src/TestBench/sixbitprocessorwithmultiplier_TB.vhd
# Warning: DAGGEN_0523: The source is compiled without the -dbg switch. Line breakpoints and assertion debug will not be available.
# File: C:/Users/zephyrus/Desktop/CoDes_Project_Changiziyan_Alireza_Salehi_Sadra/CoDesProject/SixBitProcessor/src/TestBench/sixbitprocessorwithmultiplier_TB.vhd
# Compile Entity "sixbitprocessorwithmultiplier_tb"
# Compile Architecture "TB_ARCHITECTURE" of Entity "sixbitprocessorwithmultiplier_tb"
# Compile Configuration "TESTBENCH_FOR_sixbitprocessorwithmultiplier"
# Compile success 0 Errors 0 Warnings  Analysis time :  47.0 [ms]
SetActiveLib -work
comp -include "$dsn\src\SixBitProcessorWithMultiplier.vhd" 
# Warning: DAGGEN_0523: The source is compiled without the -dbg switch. Line breakpoints and assertion debug will not be available.
# File: C:/Users/zephyrus/Desktop/CoDes_Project_Changiziyan_Alireza_Salehi_Sadra/CoDesProject/SixBitProcessor/src/SixBitProcessorWithMultiplier.vhd
# Compile Entity "SixBitProcessorWithMultiplier"
# Compile Architecture "SixBitProcessorWithMultiplierArch" of Entity "SixBitProcessorWithMultiplier"
# Warning: COMP96_0349: SixBitProcessorWithMultiplier.vhd : (60, 2): Aggregate with multiple choices has a non-static or null choice.
# Compile success 0 Errors 1 Warnings  Analysis time :  47.0 [ms]
comp -include "$dsn\src\TestBench\sixbitprocessorwithmultiplier_TB.vhd" 
# Warning: DAGGEN_0523: The source is compiled without the -dbg switch. Line breakpoints and assertion debug will not be available.
# File: C:/Users/zephyrus/Desktop/CoDes_Project_Changiziyan_Alireza_Salehi_Sadra/CoDesProject/SixBitProcessor/src/TestBench/sixbitprocessorwithmultiplier_TB.vhd
# Compile Entity "sixbitprocessorwithmultiplier_tb"
# Compile Architecture "TB_ARCHITECTURE" of Entity "sixbitprocessorwithmultiplier_tb"
# Compile Configuration "TESTBENCH_FOR_sixbitprocessorwithmultiplier"
# Compile success 0 Errors 0 Warnings  Analysis time :  31.0 [ms]
asim +access +r TESTBENCH_FOR_sixbitprocessorwithmultiplier 
# VSIM: Simulation has finished.
# ELBREAD: Elaboration process.
# ELBREAD: Elaboration time 0.0 [s].
# VSIM: Stack memory: 32MB
# VSIM: Retval memory: 32MB
# KERNEL: Main thread initiated.
# KERNEL: Kernel process initialization phase.
# ELAB2: Elaboration final pass...
# ELAB2: Create instances ...
# KERNEL: Time resolution set to 1ps.
# ELAB2: Create instances complete.
# SLP: Started
# SLP: Elaboration phase ...
# SLP: Elaboration phase ... skipped, nothing to simulate in SLP mode : 0.0 [s]
# SLP: Finished : 0.0 [s]
# ELAB2: Elaboration final pass complete - time: 0.0 [s].
# KERNEL: Kernel process initialization done.
# Allocation: Simulator allocated 6616 kB (elbread=427 elab2=6045 kernel=143 sdf=0)
# KERNEL: ASDB file was created in location C:\Users\zephyrus\Desktop\CoDes_Project_Changiziyan_Alireza_Salehi_Sadra\CoDesProject\SixBitProcessor\src\wave.asdb
#  5:37 PM, Friday, July 5, 2024
#  Simulation has been initialized
# Waveform file 'untitled.awc' connected to 'C:/Users/zephyrus/Desktop/CoDes_Project_Changiziyan_Alireza_Salehi_Sadra/CoDesProject/SixBitProcessor/src/wave.asdb'.
wave 
wave -noreg clk
wave -noreg reset
# # The following lines can be used for timing simulation
# # acom <backannotated_vhdl_file_name>
# # comp -include "$dsn\src\TestBench\sixbitprocessorwithmultiplier_TB_tim_cfg.vhd" 
# # asim +access +r TIMING_FOR_sixbitprocessorwithmultiplier 
# VSIM: 2 object(s) traced.
# Waveform file 'untitled.awc' connected to 'C:/Users/zephyrus/Desktop/CoDes_Project_Changiziyan_Alireza_Salehi_Sadra/CoDesProject/SixBitProcessor/src/wave.asdb'.
# add wave -noreg {/sixbitprocessorwithmultiplier_tb/UUT/ROUT}
# VSIM: 1 object(s) traced.
run 100 ns
# KERNEL: WARNING: NUMERIC_STD.TO_INTEGER: metavalue detected, returning 0
# KERNEL: Time: 0 ps,  Iteration: 0,  Instance: /sixbitprocessorwithmultiplier_tb/UUT,  Process: line__136.
# KERNEL: WARNING: There is an 'U'|'X'|'W'|'Z'|'-' in an arithmetic operand, the result will be 'X'(es).
# KERNEL: Time: 0 ps,  Iteration: 0,  Instance: /sixbitprocessorwithmultiplier_tb/UUT,  Process: line__139.
# KERNEL: WARNING: There is an 'U'|'X'|'W'|'Z'|'-' in an arithmetic operand, the result will be 'X'(es).
# KERNEL: Time: 0 ps,  Iteration: 0,  Instance: /sixbitprocessorwithmultiplier_tb/UUT,  Process: line__142.
# KERNEL: WARNING: There is an 'U'|'X'|'W'|'Z'|'-' in an arithmetic operand, the result will be 'X'(es).
# KERNEL: Time: 0 ps,  Iteration: 0,  Instance: /sixbitprocessorwithmultiplier_tb/UUT,  Process: line__142.
# KERNEL: WARNING: There is an 'U'|'X'|'W'|'Z'|'-' in an arithmetic operand, the result will be 'X'(es).
# KERNEL: Time: 0 ps,  Iteration: 0,  Instance: /sixbitprocessorwithmultiplier_tb/UUT/Registers__0,  Process: line__79.
# KERNEL: WARNING: There is an 'U'|'X'|'W'|'Z'|'-' in an arithmetic operand, the result will be 'X'(es).
# KERNEL: Time: 0 ps,  Iteration: 0,  Instance: /sixbitprocessorwithmultiplier_tb/UUT/Registers__1,  Process: line__79.
# KERNEL: WARNING: There is an 'U'|'X'|'W'|'Z'|'-' in an arithmetic operand, the result will be 'X'(es).
# KERNEL: Time: 0 ps,  Iteration: 0,  Instance: /sixbitprocessorwithmultiplier_tb/UUT/Registers__2,  Process: line__79.
# KERNEL: WARNING: There is an 'U'|'X'|'W'|'Z'|'-' in an arithmetic operand, the result will be 'X'(es).
# KERNEL: Time: 0 ps,  Iteration: 0,  Instance: /sixbitprocessorwithmultiplier_tb/UUT/Registers__3,  Process: line__79.
# KERNEL: WARNING: There is an 'U'|'X'|'W'|'Z'|'-' in an arithmetic operand, the result will be 'X'(es).
# KERNEL: Time: 0 ps,  Iteration: 2,  Instance: /sixbitprocessorwithmultiplier_tb/UUT,  Process: line__139.
# KERNEL: WARNING: There is an 'U'|'X'|'W'|'Z'|'-' in an arithmetic operand, the result will be 'X'(es).
# KERNEL: Time: 0 ps,  Iteration: 2,  Instance: /sixbitprocessorwithmultiplier_tb/UUT,  Process: line__142.
# KERNEL: stopped at time: 100 ns
run 100 ns
# KERNEL: stopped at time: 200 ns
run 100 ns
# KERNEL: stopped at time: 300 ns
run 100 ns
# KERNEL: stopped at time: 400 ns
run 100 ns
# KERNEL: stopped at time: 500 ns
run 100 ns
# KERNEL: stopped at time: 600 ns
